Started by user [8mha:////4AVThRMWo1iQMP4dbUpdhNVOlUQxBRPLLEzproNqoZA4AAAAlR+LCAAAAAAAAP9b85aBtbiIQTGjNKU4P08vOT+vOD8nVc83PyU1x6OyILUoJzMv2y+/JJUBAhiZGBgqihhk0NSjKDWzXb3RdlLBUSYGJk8GtpzUvPSSDB8G5tKinBIGIZ+sxLJE/ZzEvHT94JKizLx0a6BxUmjGOUNodHsLgAz2EgZO/dLi1CL9rMRMAMrqkl2+AAAA[0mprakash
Running as SYSTEM
Building in workspace /root/.jenkins/workspace/test1
No credentials specified
Cloning the remote Git repository
Cloning repository https://github.com/Prakashja/NeeyamoDemoTest.git
 > git init /root/.jenkins/workspace/test1 # timeout=10
Fetching upstream changes from https://github.com/Prakashja/NeeyamoDemoTest.git
 > git --version # timeout=10
 > git fetch --tags --progress https://github.com/Prakashja/NeeyamoDemoTest.git +refs/heads/*:refs/remotes/origin/*
 > git config remote.origin.url https://github.com/Prakashja/NeeyamoDemoTest.git # timeout=10
 > git config --add remote.origin.fetch +refs/heads/*:refs/remotes/origin/* # timeout=10
 > git config remote.origin.url https://github.com/Prakashja/NeeyamoDemoTest.git # timeout=10
Fetching upstream changes from https://github.com/Prakashja/NeeyamoDemoTest.git
 > git fetch --tags --progress https://github.com/Prakashja/NeeyamoDemoTest.git +refs/heads/*:refs/remotes/origin/*
 > git rev-parse refs/remotes/origin/master^{commit} # timeout=10
 > git rev-parse refs/remotes/origin/origin/master^{commit} # timeout=10
Checking out Revision ee951aa84dbc285adc442695e0b06dc1b0e9328c (refs/remotes/origin/master)
 > git config core.sparsecheckout # timeout=10
 > git checkout -f ee951aa84dbc285adc442695e0b06dc1b0e9328c
Commit message: "update"
First time build. Skipping changelog.
[test1] $ /opt/maven/bin/mvn clean pacakge
[INFO] Scanning for projects...
[8mha:////4GAsxG8t11s/rr4PbwqFnQUHPe6wyaZBmDYnaYY2jeDFAAAAYx+LCAAAAAAAAP9b85aBtbiIQSWjNKU4P0+vJLE4u1gvPjexLDVPzxdEhicW5WXmpfvll6S2fNly5fzGzauYGBgqihikoFqS8/OK83NS9ZwhNEghAwQwghQWAACwxA+XYgAAAA==[0m[WARNING] 
[8mha:////4GAsxG8t11s/rr4PbwqFnQUHPe6wyaZBmDYnaYY2jeDFAAAAYx+LCAAAAAAAAP9b85aBtbiIQSWjNKU4P0+vJLE4u1gvPjexLDVPzxdEhicW5WXmpfvll6S2fNly5fzGzauYGBgqihikoFqS8/OK83NS9ZwhNEghAwQwghQWAACwxA+XYgAAAA==[0m[WARNING] Some problems were encountered while building the effective model for we.com:webapps:war:4.0-SNAPSHOT
[8mha:////4GAsxG8t11s/rr4PbwqFnQUHPe6wyaZBmDYnaYY2jeDFAAAAYx+LCAAAAAAAAP9b85aBtbiIQSWjNKU4P0+vJLE4u1gvPjexLDVPzxdEhicW5WXmpfvll6S2fNly5fzGzauYGBgqihikoFqS8/OK83NS9ZwhNEghAwQwghQWAACwxA+XYgAAAA==[0m[WARNING] 'build.plugins.plugin.version' for org.mortbay.jetty:maven-jetty-plugin is missing. @ line 79, column 15
[8mha:////4GAsxG8t11s/rr4PbwqFnQUHPe6wyaZBmDYnaYY2jeDFAAAAYx+LCAAAAAAAAP9b85aBtbiIQSWjNKU4P0+vJLE4u1gvPjexLDVPzxdEhicW5WXmpfvll6S2fNly5fzGzauYGBgqihikoFqS8/OK83NS9ZwhNEghAwQwghQWAACwxA+XYgAAAA==[0m[WARNING] 'build.plugins.plugin.version' for org.codehaus.mojo:tomcat-maven-plugin is missing. @ line 155, column 15
[8mha:////4GAsxG8t11s/rr4PbwqFnQUHPe6wyaZBmDYnaYY2jeDFAAAAYx+LCAAAAAAAAP9b85aBtbiIQSWjNKU4P0+vJLE4u1gvPjexLDVPzxdEhicW5WXmpfvll6S2fNly5fzGzauYGBgqihikoFqS8/OK83NS9ZwhNEghAwQwghQWAACwxA+XYgAAAA==[0m[WARNING] 
[8mha:////4GAsxG8t11s/rr4PbwqFnQUHPe6wyaZBmDYnaYY2jeDFAAAAYx+LCAAAAAAAAP9b85aBtbiIQSWjNKU4P0+vJLE4u1gvPjexLDVPzxdEhicW5WXmpfvll6S2fNly5fzGzauYGBgqihikoFqS8/OK83NS9ZwhNEghAwQwghQWAACwxA+XYgAAAA==[0m[WARNING] It is highly recommended to fix these problems because they threaten the stability of your build.
[8mha:////4GAsxG8t11s/rr4PbwqFnQUHPe6wyaZBmDYnaYY2jeDFAAAAYx+LCAAAAAAAAP9b85aBtbiIQSWjNKU4P0+vJLE4u1gvPjexLDVPzxdEhicW5WXmpfvll6S2fNly5fzGzauYGBgqihikoFqS8/OK83NS9ZwhNEghAwQwghQWAACwxA+XYgAAAA==[0m[WARNING] 
[8mha:////4GAsxG8t11s/rr4PbwqFnQUHPe6wyaZBmDYnaYY2jeDFAAAAYx+LCAAAAAAAAP9b85aBtbiIQSWjNKU4P0+vJLE4u1gvPjexLDVPzxdEhicW5WXmpfvll6S2fNly5fzGzauYGBgqihikoFqS8/OK83NS9ZwhNEghAwQwghQWAACwxA+XYgAAAA==[0m[WARNING] For this reason, future Maven versions might no longer support building such malformed projects.
[8mha:////4GAsxG8t11s/rr4PbwqFnQUHPe6wyaZBmDYnaYY2jeDFAAAAYx+LCAAAAAAAAP9b85aBtbiIQSWjNKU4P0+vJLE4u1gvPjexLDVPzxdEhicW5WXmpfvll6S2fNly5fzGzauYGBgqihikoFqS8/OK83NS9ZwhNEghAwQwghQWAACwxA+XYgAAAA==[0m[WARNING] 
[INFO] 
[INFO] ---------------------------< we.com:webapps >---------------------------
[INFO] Building webapps 4.0-SNAPSHOT
[INFO] --------------------------------[ war ]---------------------------------
Downloading from central: https://repo.maven.apache.org/maven2/org/mortbay/jetty/maven-jetty-plugin/maven-metadata.xml
Progress (1): 668 B                   Downloaded from central: https://repo.maven.apache.org/maven2/org/mortbay/jetty/maven-jetty-plugin/maven-metadata.xml (668 B at 1.3 kB/s)
Downloading from central: https://repo.maven.apache.org/maven2/org/mortbay/jetty/maven-jetty-plugin/6.1.26/maven-jetty-plugin-6.1.26.pom
Progress (1): 2.2/5.5 kBProgress (1): 5.0/5.5 kBProgress (1): 5.5 kB                        Downloaded from central: https://repo.maven.apache.org/maven2/org/mortbay/jetty/maven-jetty-plugin/6.1.26/maven-jetty-plugin-6.1.26.pom (5.5 kB at 307 kB/s)
Downloading from central: https://repo.maven.apache.org/maven2/org/mortbay/jetty/project/6.1.26/project-6.1.26.pom
Progress (1): 2.2/9.2 kBProgress (1): 5.0/9.2 kBProgress (1): 7.8/9.2 kBProgress (1): 9.2 kB                        Downloaded from central: https://repo.maven.apache.org/maven2/org/mortbay/jetty/project/6.1.26/project-6.1.26.pom (9.2 kB at 307 kB/s)
Downloading from central: https://repo.maven.apache.org/maven2/org/mortbay/jetty/jetty-parent/10/jetty-parent-10.pom
Progress (1): 2.2/3.3 kBProgress (1): 3.3 kB                        Downloaded from central: https://repo.maven.apache.org/maven2/org/mortbay/jetty/jetty-parent/10/jetty-parent-10.pom (3.3 kB at 143 kB/s)
Downloading from central: https://repo.maven.apache.org/maven2/org/eclipse/jetty/jetty-parent/14/jetty-parent-14.pom
Progress (1): 2.2/16 kBProgress (1): 5.0/16 kBProgress (1): 7.8/16 kBProgress (1): 11/16 kB Progress (1): 13/16 kBProgress (1): 16/16 kBProgress (1): 16 kB                      Downloaded from central: https://repo.maven.apache.org/maven2/org/eclipse/jetty/jetty-parent/14/jetty-parent-14.pom (16 kB at 549 kB/s)
Downloading from central: https://repo.maven.apache.org/maven2/org/mortbay/jetty/maven-jetty-plugin/6.1.26/maven-jetty-plugin-6.1.26.jar
Progress (1): 2.2/48 kBProgress (1): 5.0/48 kBProgress (1): 7.7/48 kBProgress (1): 10/48 kB Progress (1): 13/48 kBProgress (1): 16/48 kBProgress (1): 19/48 kBProgress (1): 21/48 kBProgress (1): 24/48 kBProgress (1): 27/48 kBProgress (1): 30/48 kBProgress (1): 32/48 kBProgress (1): 36/48 kBProgress (1): 40/48 kBProgress (1): 45/48 kBProgress (1): 48 kB                      Downloaded from central: https://repo.maven.apache.org/maven2/org/mortbay/jetty/maven-jetty-plugin/6.1.26/maven-jetty-plugin-6.1.26.jar (48 kB at 1.5 MB/s)
Downloading from central: https://repo.maven.apache.org/maven2/org/codehaus/mojo/tomcat-maven-plugin/maven-metadata.xml
Progress (1): 439 B                   Downloaded from central: https://repo.maven.apache.org/maven2/org/codehaus/mojo/tomcat-maven-plugin/maven-metadata.xml (439 B at 63 kB/s)
Downloading from central: https://repo.maven.apache.org/maven2/org/codehaus/mojo/tomcat-maven-plugin/1.1/tomcat-maven-plugin-1.1.pom
Progress (1): 2.2/8.5 kBProgress (1): 5.0/8.5 kBProgress (1): 7.8/8.5 kBProgress (1): 8.5 kB                        Downloaded from central: https://repo.maven.apache.org/maven2/org/codehaus/mojo/tomcat-maven-plugin/1.1/tomcat-maven-plugin-1.1.pom (8.5 kB at 449 kB/s)
Downloading from central: https://repo.maven.apache.org/maven2/org/codehaus/mojo/mojo-parent/27/mojo-parent-27.pom
Progress (1): 2.2/27 kBProgress (1): 5.0/27 kBProgress (1): 7.8/27 kBProgress (1): 11/27 kB Progress (1): 13/27 kBProgress (1): 16/27 kBProgress (1): 19/27 kBProgress (1): 21/27 kBProgress (1): 24/27 kBProgress (1): 27/27 kBProgress (1): 27 kB                      Downloaded from central: https://repo.maven.apache.org/maven2/org/codehaus/mojo/mojo-parent/27/mojo-parent-27.pom (27 kB at 1.0 MB/s)
Downloading from central: https://repo.maven.apache.org/maven2/org/codehaus/codehaus-parent/3/codehaus-parent-3.pom
Progress (1): 2.2/4.1 kBProgress (1): 4.1 kB                        Downloaded from central: https://repo.maven.apache.org/maven2/org/codehaus/codehaus-parent/3/codehaus-parent-3.pom (4.1 kB at 124 kB/s)
Downloading from central: https://repo.maven.apache.org/maven2/org/codehaus/mojo/tomcat-maven-plugin/1.1/tomcat-maven-plugin-1.1.jar
Progress (1): 2.2/59 kBProgress (1): 5.0/59 kBProgress (1): 7.7/59 kBProgress (1): 10/59 kB Progress (1): 13/59 kBProgress (1): 16/59 kBProgress (1): 19/59 kBProgress (1): 21/59 kBProgress (1): 24/59 kBProgress (1): 27/59 kBProgress (1): 30/59 kBProgress (1): 32/59 kBProgress (1): 36/59 kBProgress (1): 40/59 kBProgress (1): 45/59 kBProgress (1): 49/59 kBProgress (1): 53/59 kBProgress (1): 57/59 kBProgress (1): 59 kB                      Downloaded from central: https://repo.maven.apache.org/maven2/org/codehaus/mojo/tomcat-maven-plugin/1.1/tomcat-maven-plugin-1.1.jar (59 kB at 2.2 MB/s)
Downloading from central: https://repo.maven.apache.org/maven2/org/jfrog/buildinfo/artifactory-maven-plugin/2.2.1/artifactory-maven-plugin-2.2.1.pom
Progress (1): 4.1/4.7 kBProgress (1): 4.7 kB                        Downloaded from central: https://repo.maven.apache.org/maven2/org/jfrog/buildinfo/artifactory-maven-plugin/2.2.1/artifactory-maven-plugin-2.2.1.pom (4.7 kB at 55 kB/s)
Downloading from central: https://repo.maven.apache.org/maven2/org/jfrog/buildinfo/artifactory-maven-plugin/2.2.1/artifactory-maven-plugin-2.2.1.jar
Progress (1): 2.2/172 kBProgress (1): 5.0/172 kBProgress (1): 7.7/172 kBProgress (1): 10/172 kB Progress (1): 13/172 kBProgress (1): 16/172 kBProgress (1): 19/172 kBProgress (1): 21/172 kBProgress (1): 24/172 kBProgress (1): 27/172 kBProgress (1): 30/172 kBProgress (1): 32/172 kBProgress (1): 36/172 kBProgress (1): 40/172 kBProgress (1): 45/172 kBProgress (1): 49/172 kBProgress (1): 53/172 kBProgress (1): 57/172 kBProgress (1): 61/172 kBProgress (1): 65/172 kBProgress (1): 69/172 kBProgress (1): 73/172 kBProgress (1): 77/172 kBProgress (1): 81/172 kBProgress (1): 85/172 kBProgress (1): 90/172 kBProgress (1): 94/172 kBProgress (1): 98/172 kBProgress (1): 102/172 kBProgress (1): 106/172 kBProgress (1): 110/172 kBProgress (1): 114/172 kBProgress (1): 118/172 kBProgress (1): 122/172 kBProgress (1): 126/172 kBProgress (1): 131/172 kBProgress (1): 135/172 kBProgress (1): 139/172 kBProgress (1): 143/172 kBProgress (1): 147/172 kBProgress (1): 151/172 kBProgress (1): 155/172 kBProgress (1): 159/172 kBProgress (1): 163/172 kBProgress (1): 167/172 kBProgress (1): 171/172 kBProgress (1): 172 kB                        Downloaded from central: https://repo.maven.apache.org/maven2/org/jfrog/buildinfo/artifactory-maven-plugin/2.2.1/artifactory-maven-plugin-2.2.1.jar (172 kB at 1.7 MB/s)
[INFO] ------------------------------------------------------------------------
[INFO] BUILD FAILURE
[INFO] ------------------------------------------------------------------------
[INFO] Total time:  2.689 s
[INFO] Finished at: 2019-06-28T15:02:59Z
[INFO] ------------------------------------------------------------------------
[8mha:////4IUtNNJngWG7Dd198zGF4HA6chamzEAzBd2Gze3XPrADAAAAYB+LCAAAAAAAAP9b85aBtbiIQSmjNKU4P0+vJLE4u1gvPjexLDVPzxdEuhYV5Rf55ZekOlc7RKnPKH7IxMBQUcQgBdWQnJ9XnJ+TqucMoUEKGSCAEaSwAACsNFCqYAAAAA==[0m[ERROR] Unknown lifecycle phase "pacakge". You must specify a valid lifecycle phase or a goal in the format <plugin-prefix>:<goal> or <plugin-group-id>:<plugin-artifact-id>[:<plugin-version>]:<goal>. Available lifecycle phases are: validate, initialize, generate-sources, process-sources, generate-resources, process-resources, compile, process-classes, generate-test-sources, process-test-sources, generate-test-resources, process-test-resources, test-compile, process-test-classes, test, prepare-package, package, pre-integration-test, integration-test, post-integration-test, verify, install, deploy, pre-clean, clean, post-clean, pre-site, site, post-site, site-deploy. -> [Help 1]
[8mha:////4IUtNNJngWG7Dd198zGF4HA6chamzEAzBd2Gze3XPrADAAAAYB+LCAAAAAAAAP9b85aBtbiIQSmjNKU4P0+vJLE4u1gvPjexLDVPzxdEuhYV5Rf55ZekOlc7RKnPKH7IxMBQUcQgBdWQnJ9XnJ+TqucMoUEKGSCAEaSwAACsNFCqYAAAAA==[0m[ERROR] 
[8mha:////4IUtNNJngWG7Dd198zGF4HA6chamzEAzBd2Gze3XPrADAAAAYB+LCAAAAAAAAP9b85aBtbiIQSmjNKU4P0+vJLE4u1gvPjexLDVPzxdEuhYV5Rf55ZekOlc7RKnPKH7IxMBQUcQgBdWQnJ9XnJ+TqucMoUEKGSCAEaSwAACsNFCqYAAAAA==[0m[ERROR] To see the full stack trace of the errors, re-run Maven with the -e switch.
[8mha:////4IUtNNJngWG7Dd198zGF4HA6chamzEAzBd2Gze3XPrADAAAAYB+LCAAAAAAAAP9b85aBtbiIQSmjNKU4P0+vJLE4u1gvPjexLDVPzxdEuhYV5Rf55ZekOlc7RKnPKH7IxMBQUcQgBdWQnJ9XnJ+TqucMoUEKGSCAEaSwAACsNFCqYAAAAA==[0m[ERROR] Re-run Maven using the -X switch to enable full debug logging.
[8mha:////4IUtNNJngWG7Dd198zGF4HA6chamzEAzBd2Gze3XPrADAAAAYB+LCAAAAAAAAP9b85aBtbiIQSmjNKU4P0+vJLE4u1gvPjexLDVPzxdEuhYV5Rf55ZekOlc7RKnPKH7IxMBQUcQgBdWQnJ9XnJ+TqucMoUEKGSCAEaSwAACsNFCqYAAAAA==[0m[ERROR] 
[8mha:////4IUtNNJngWG7Dd198zGF4HA6chamzEAzBd2Gze3XPrADAAAAYB+LCAAAAAAAAP9b85aBtbiIQSmjNKU4P0+vJLE4u1gvPjexLDVPzxdEuhYV5Rf55ZekOlc7RKnPKH7IxMBQUcQgBdWQnJ9XnJ+TqucMoUEKGSCAEaSwAACsNFCqYAAAAA==[0m[ERROR] For more information about the errors and possible solutions, please read the following articles:
[8mha:////4IUtNNJngWG7Dd198zGF4HA6chamzEAzBd2Gze3XPrADAAAAYB+LCAAAAAAAAP9b85aBtbiIQSmjNKU4P0+vJLE4u1gvPjexLDVPzxdEuhYV5Rf55ZekOlc7RKnPKH7IxMBQUcQgBdWQnJ9XnJ+TqucMoUEKGSCAEaSwAACsNFCqYAAAAA==[0m[ERROR] [Help 1] http://cwiki.apache.org/confluence/display/MAVEN/LifecyclePhaseNotFoundException
Build step 'Invoke top-level Maven targets' marked build as failure
Finished: FAILURE
